0 silly argv {
0 silly argv   _: [ 'version' ],
0 silly argv   yes: true,
0 silly argv   y: true,
0 silly argv   'tag-version-prefix': 'v',
0 silly argv   tagVersionPrefix: 'v',
0 silly argv   'conventional-commits': true,
0 silly argv   conventionalCommits: true,
0 silly argv   'create-release': 'github',
0 silly argv   createRelease: 'github',
0 silly argv   message: 'chore(release): publish',
0 silly argv   m: 'chore(release): publish',
0 silly argv   lernaVersion: '3.22.1',
0 silly argv   '$0': '/Volumes/SSD/angular-mono-repo/angualr-mono-repo/node_modules/.bin/lerna'
0 silly argv }
1 notice cli v3.22.1
2 verbose rootPath /Volumes/SSD/angular-mono-repo/angualr-mono-repo
3 info versioning independent
4 silly isAnythingCommitted
5 verbose isAnythingCommitted 1
6 silly currentBranch
7 verbose currentBranch master
8 silly remoteBranchExists
9 silly isBehindUpstream
10 silly isBehindUpstream master is behind origin/master by 0 commit(s) and ahead by 2
11 silly hasTags
12 verbose hasTags true
13 silly git-describe.sync "@dxul/button@0.6.3-4-g4afa6e1" => {"lastTagName":"@dxul/button@0.6.3","lastVersion":"0.6.3","refCount":"4","sha":"4afa6e1","isDirty":false}
14 info Looking for changed packages since @dxul/button@0.6.3
15 info ignoring diff in paths matching [ '**/*.md' ]
16 silly checking diff projects/button
17 silly found diff in projects/button/CHANGELOG.md
17 silly found diff in projects/button/package.json
17 silly found diff in projects/button/src/lib/button.component.ts
18 verbose filtered diff [
18 verbose filtered diff   'projects/button/package.json',
18 verbose filtered diff   'projects/button/src/lib/button.component.ts'
18 verbose filtered diff ]
19 silly checking diff projects/input
20 silly no diff found in @dxul/input
21 verbose updated @dxul/button
22 verbose git-describe undefined => "@dxul/button@0.6.3-4-g4afa6e1"
23 silly git-describe parsed => {"lastTagName":"@dxul/button@0.6.3","lastVersion":"0.6.3","refCount":"4","sha":"4afa6e1","isDirty":false}
24 silly independent for @dxul/button at /Volumes/SSD/angular-mono-repo/angualr-mono-repo/projects/button
25 verbose getChangelogConfig using preset "conventional-changelog-angular"
26 silly npa Result {
26 silly npa   type: 'tag',
26 silly npa   registry: true,
26 silly npa   where: undefined,
26 silly npa   raw: 'conventional-changelog-angular',
26 silly npa   name: 'conventional-changelog-angular',
26 silly npa   escapedName: 'conventional-changelog-angular',
26 silly npa   scope: undefined,
26 silly npa   rawSpec: '',
26 silly npa   saveSpec: null,
26 silly npa   fetchSpec: 'latest',
26 silly npa   gitRange: undefined,
26 silly npa   gitCommittish: undefined,
26 silly npa   hosted: undefined
26 silly npa }
27 verbose getChangelogConfig Attempting to resolve preset "conventional-changelog-angular"
28 info getChangelogConfig Successfully resolved preset "conventional-changelog-angular"
29 verbose independent increment 0.7.0 by patch
30 info auto-confirmed
31 info execute Creating releases...
32 silly lifecycle No script for "preversion" in "angualr-mono-repo", continuing
33 silly lifecycle No script for "preversion" in "@dxul/button", continuing
34 silly lifecycle No script for "version" in "@dxul/button", continuing
35 silly independent for @dxul/button at /Volumes/SSD/angular-mono-repo/angualr-mono-repo/projects/button
36 silly independent writing new entry: "## [0.7.1](https://github.com/novakand/angualr-mono-repo/compare/@dxul/button@0.7.0...@dxul/button@0.7.1) (2021-02-06)\n\n\n### Bug Fixes\n\n* **fff:** fff ([6e18e51](https://github.com/novakand/angualr-mono-repo/commit/6e18e51e61e5c0564c0e145063bdbb9ab03777a1))\n\n\n\n"
37 verbose independent wrote /Volumes/SSD/angular-mono-repo/angualr-mono-repo/projects/button/CHANGELOG.md
38 silly lifecycle No script for "version" in "angualr-mono-repo", continuing
39 silly gitAdd [ 'projects/button/package.json', 'projects/button/CHANGELOG.md' ]
40 silly gitCommit chore(release): publish
40 silly gitCommit
40 silly gitCommit  - @dxul/button@0.7.1
41 verbose git [
41 verbose git   'commit',
41 verbose git   '-F',
41 verbose git   '/private/var/folders/tm/7kl6lyq11j5362hys3c32qp80000gn/T/de499156-708e-49c1-ab16-98db1a921469/lerna-commit.txt'
41 verbose git ]
42 silly gitTag @dxul/button@0.7.1
43 verbose git [ 'tag', '@dxul/button@0.7.1', '-m', '@dxul/button@0.7.1' ]
44 silly lifecycle No script for "postversion" in "@dxul/button", continuing
45 silly lifecycle No script for "postversion" in "angualr-mono-repo", continuing
46 info git Pushing tags...
47 silly gitPush origin master
48 silly parseGitRepo
49 verbose git [ 'config', '--get', 'remote.origin.url' ]
50 silly createGitHubClient
51 error Error: A GH_TOKEN environment variable is required.
51 error     at createGitHubClient (/Volumes/SSD/angular-mono-repo/angualr-mono-repo/node_modules/@lerna/github-client/lib/github-client.js:17:11)
51 error     at createClient (/Volumes/SSD/angular-mono-repo/angualr-mono-repo/node_modules/@lerna/version/lib/create-release.js:16:14)
51 error     at createRelease (/Volumes/SSD/angular-mono-repo/angualr-mono-repo/node_modules/@lerna/version/lib/create-release.js:25:18)
51 error     at /Volumes/SSD/angular-mono-repo/angualr-mono-repo/node_modules/@lerna/version/index.js:282:9
51 error     at /Volumes/SSD/angular-mono-repo/angualr-mono-repo/node_modules/p-waterfall/index.js:4:73
51 error     at /Volumes/SSD/angular-mono-repo/angualr-mono-repo/node_modules/p-reduce/index.js:16:10
